<?xml version="1.0" encoding="UTF-8"?>
<!-- Generated by org.testng.reporters.JUnitXMLReporter -->
<testsuite hostname="DESKTOP-0BNA4PG" ignored="0" name="Surefire test" tests="1" failures="1" timestamp="17 Oct 2023 04:47:33 GMT" time="17.129" errors="0">
  <testcase name="loginTest" time="17.102" classname="com.herokuapp.theinternet.PositiveTest">
    <failure type="java.lang.AssertionError" message="&amp;lt;&amp;lt;&amp;lt;&amp;lt;&amp;lt;&amp;lt;&amp;lt;&amp;lt;&amp;lt;&amp;lt;&amp;lt;&amp;lt;&amp;lt;  Actual URL is not same as expected URL &amp;gt;&amp;gt;&amp;gt;&amp;gt;&amp;gt;&amp;gt;&amp;gt;&amp;gt;&amp;gt;&amp;gt; expected [https://the-internet.herokuapp.com/secure] but found [https://the-internet.herokuapp.com/login]">
      <![CDATA[java.lang.AssertionError: <<<<<<<<<<<<<  Actual URL is not same as expected URL >>>>>>>>>> expected [https://the-internet.herokuapp.com/secure] but found [https://the-internet.herokuapp.com/login]
at com.herokuapp.theinternet.PositiveTest.loginTest(PositiveTest.java:64)
... Removed 35 stack frames]]>
    </failure>
  </testcase> <!-- loginTest -->
</testsuite> <!-- Surefire test -->
