<?xml version="1.0" encoding="UTF-8"?>
<!-- Generated by org.testng.reporters.JUnitXMLReporter -->
<testsuite ignored="1" hostname="brandon" failures="0" tests="1" name="NegativeTests" time="27.471" errors="0" timestamp="10 may. 2024 20:00:48 GMT">
  <testcase classname="com.herokuapp.theinternet.NegativeTest" name="incorrectUsernameTest" time="27.423"/>
  <testcase classname="com.herokuapp.theinternet.NegativeTest" name="incorrectPasswordTest" time="0.0">
    <ignored/>
  </testcase> <!-- incorrectPasswordTest -->
</testsuite> <!-- NegativeTests -->
