<?xml version="1.0" encoding="UTF-8"?>
<!-- Generated by org.testng.reporters.JUnitXMLReporter -->
<testsuite ignored="0" hostname="DESKTOP-0BNA4PG" failures="0" tests="2" name="NegativeTest" time="57.838" errors="0" timestamp="19 Dec 2023 08:02:35 GMT">
  <testcase classname="com.herokuapp.theinternet.NegativeTest" name="incorrectPasswordTest" time="25.198"/>
  <testcase classname="com.herokuapp.theinternet.NegativeTest" name="incorrectUsernameTest" time="32.598"/>
</testsuite> <!-- NegativeTest -->
