<?xml version="1.0" encoding="UTF-8"?>
<!-- Generated by org.testng.reporters.JUnitXMLReporter -->
<testsuite ignored="0" hostname="DESKTOP-0BNA4PG" failures="0" tests="2" name="NegativeTest" time="38.531" errors="0" timestamp="21 Dec 2023 07:40:24 GMT">
  <testcase classname="com.herokuapp.theinternet.NegativeTest" name="incorrectUsernameTest" time="21.763"/>
  <testcase classname="com.herokuapp.theinternet.NegativeTest" name="incorrectPasswordTest" time="16.757"/>
</testsuite> <!-- NegativeTest -->
