<?xml version="1.0" encoding="UTF-8"?>
<testng-results skipped="0" failed="0" ignored="0" total="1" passed="1">
  <reporter-output>
  </reporter-output>
  <suite name="Surefire suite" duration-ms="25574" started-at="2023-10-04T05:00:19Z" finished-at="2023-10-04T05:00:45Z">
    <groups>
    </groups>
    <test name="Surefire test" duration-ms="25574" started-at="2023-10-04T05:00:19Z" finished-at="2023-10-04T05:00:45Z">
      <class name="com.herokuapp.theinternet.PositiveTest">
        <test-method status="PASS" signature="loginTest()[pri:0, instance:com.herokuapp.theinternet.PositiveTest@feb3fa]" name="loginTest" duration-ms="25555" started-at="2023-10-04T05:00:19Z" finished-at="2023-10-04T05:00:45Z">
          <reporter-output>
          </reporter-output>
        </test-method> <!-- loginTest -->
      </class> <!-- com.herokuapp.theinternet.PositiveTest -->
    </test> <!-- Surefire test -->
  </suite> <!-- Surefire suite -->
</testng-results>
